Build started 10/8/2014 12:17:43 AM.
     1>Project "C:\Users\Albert\git\CPSC-587\Assignment1\RollerCoaster\RollerCoaster\RollerCoaster.vcxproj" on node 2 (Build target(s)).
     1>ClCompile:
         C:\Program Files (x86)\Microsoft Visual Studio 12.0\VC\bin\CL.exe /c /I"C:\Users\Albert\Documents\OpenGL\glew-1.11.0\include" /I"C:\Users\Albert\Documents\OpenGL\glfw-3.0.4.bin.WIN32\include" /I"C:\Users\Albert\Documents\OpenGL\glut-3.7.6-bin" /ZI /nologo /W3 /WX- /sdl /Od /Oy- /D _MBCS /Gm /EHsc /RTC1 /MDd /GS /fp:precise /Zc:wchar_t /Zc:forScope /Fo"Debug\\" /Fd"Debug\vc120.pdb" /Gd /TP /analyze- /errorReport:prompt main.cpp Mat4f.cpp OpenGLMatrixTools.cpp ShaderTools.cpp Vec3f.cpp
         Vec3f.cpp
         ShaderTools.cpp
         OpenGLMatrixTools.cpp
     1>c:\users\albert\git\cpsc-587\assignment1\rollercoaster\rollercoaster\openglmatrixtools.cpp(44): warning C4244: 'initializing' : conversion from 'double' to 'float', possible loss of data
     1>c:\users\albert\git\cpsc-587\assignment1\rollercoaster\rollercoaster\openglmatrixtools.cpp(60): warning C4244: 'initializing' : conversion from 'double' to 'float', possible loss of data
     1>c:\users\albert\git\cpsc-587\assignment1\rollercoaster\rollercoaster\openglmatrixtools.cpp(76): warning C4244: 'initializing' : conversion from 'double' to 'float', possible loss of data
     1>c:\users\albert\git\cpsc-587\assignment1\rollercoaster\rollercoaster\openglmatrixtools.cpp(94): warning C4244: 'initializing' : conversion from 'double' to 'float', possible loss of data
     1>c:\users\albert\git\cpsc-587\assignment1\rollercoaster\rollercoaster\openglmatrixtools.cpp(95): warning C4244: 'initializing' : conversion from 'double' to 'float', possible loss of data
     1>c:\users\albert\git\cpsc-587\assignment1\rollercoaster\rollercoaster\openglmatrixtools.cpp(96): warning C4244: 'initializing' : conversion from 'double' to 'float', possible loss of data
     1>c:\users\albert\git\cpsc-587\assignment1\rollercoaster\rollercoaster\openglmatrixtools.cpp(112): warning C4244: 'initializing' : conversion from 'double' to 'float', possible loss of data
     1>c:\users\albert\git\cpsc-587\assignment1\rollercoaster\rollercoaster\openglmatrixtools.cpp(118): warning C4244: 'initializing' : conversion from 'double' to 'float', possible loss of data
     1>c:\users\albert\git\cpsc-587\assignment1\rollercoaster\rollercoaster\openglmatrixtools.cpp(119): warning C4244: 'initializing' : conversion from 'double' to 'float', possible loss of data
     1>c:\users\albert\git\cpsc-587\assignment1\rollercoaster\rollercoaster\openglmatrixtools.cpp(121): warning C4244: 'initializing' : conversion from 'double' to 'float', possible loss of data
         Mat4f.cpp
     1>c:\program files (x86)\microsoft visual studio 12.0\vc\include\xutility(2045): warning C4244: 'argument' : conversion from 'const float' to 'const int', possible loss of data
                 c:\program files (x86)\microsoft visual studio 12.0\vc\include\xutility(2066) : see reference to function template instantiation '_OutIt std::_Copy_impl<const float*,_OutIt>(_InIt,_InIt,_OutIt,std::_Nonscalar_ptr_iterator_tag)' being compiled
                 with
                 [
                     _OutIt=std::ostream_iterator<int,char,std::char_traits<char>>
         ,            _InIt=const float *
                 ]
                 c:\program files (x86)\microsoft visual studio 12.0\vc\include\xutility(2087) : see reference to function template instantiation '_OutIt std::_Copy_impl<_InIt,_OutIt>(_InIt,_InIt,_OutIt)' being compiled
                 with
                 [
                     _OutIt=std::ostream_iterator<int,char,std::char_traits<char>>
         ,            _InIt=const float *
                 ]
                 c:\program files (x86)\microsoft visual studio 12.0\vc\include\xutility(2107) : see reference to function template instantiation '_OutIt std::_Copy_impl<_InIt,_OutIt>(_InIt,_InIt,_OutIt,std::input_iterator_tag,std::_Mutable_iterator_tag)' being compiled
                 with
                 [
                     _OutIt=std::ostream_iterator<int,char,std::char_traits<char>>
         ,            _InIt=const float *
                 ]
                 c:\program files (x86)\microsoft visual studio 12.0\vc\include\xutility(2132) : see reference to function template instantiation '_OutIt std::_Copy_impl<const float*,_OutIt>(_InIt,_InIt,_OutIt,std::true_type)' being compiled
                 with
                 [
                     _OutIt=std::ostream_iterator<int,char,std::char_traits<char>>
         ,            _InIt=const float *
                 ]
                 c:\users\albert\git\cpsc-587\assignment1\rollercoaster\rollercoaster\mat4f.cpp(215) : see reference to function template instantiation '_OutIt std::copy<std::_Array_const_iterator<_Ty,16>,std::ostream_iterator<int,char,std::char_traits<char>>>(_InIt,_InIt,_OutIt)' being compiled
                 with
                 [
                     _OutIt=std::ostream_iterator<int,char,std::char_traits<char>>
         ,            _Ty=float
         ,            _InIt=std::_Array_const_iterator<float,16>
                 ]
         main.cpp
         Generating Code...
       Link:
         C:\Program Files (x86)\Microsoft Visual Studio 12.0\VC\bin\link.exe /ERRORREPORT:PROMPT /OUT:"C:\Users\Albert\git\CPSC-587\Assignment1\RollerCoaster\Debug\RollerCoaster.exe" /INCREMENTAL /NOLOGO /LIBPATH:"C:\Users\Albert\Documents\OpenGL\glfw-3.0.4.bin.WIN32\lib-msvc120" /LIBPATH:"C:\Users\Albert\Documents\OpenGL\glew-1.11.0\lib\Release\Win32" /LIBPATH:"C:\Users\Albert\Documents\OpenGL\glut-3.7.6-bin" glfw3.lib glew32.lib glut32.lib opengl32.lib kernel32.lib user32.lib gdi32.lib winspool.lib comdlg32.lib advapi32.lib shell32.lib ole32.lib oleaut32.lib uuid.lib odbc32.lib odbccp32.lib /MANIFEST /MANIFESTUAC:"level='asInvoker' uiAccess='false'" /manifest:embed /DEBUG /PDB:"C:\Users\Albert\git\CPSC-587\Assignment1\RollerCoaster\Debug\RollerCoaster.pdb" /TLBID:1 /DYNAMICBASE /NXCOMPAT /IMPLIB:"C:\Users\Albert\git\CPSC-587\Assignment1\RollerCoaster\Debug\RollerCoaster.lib" /MACHINE:X86 Debug\main.obj
         Debug\Mat4f.obj
         Debug\OpenGLMatrixTools.obj
         Debug\ShaderTools.obj
         Debug\Vec3f.obj
         RollerCoaster.vcxproj -> C:\Users\Albert\git\CPSC-587\Assignment1\RollerCoaster\Debug\RollerCoaster.exe
     1>Done Building Project "C:\Users\Albert\git\CPSC-587\Assignment1\RollerCoaster\RollerCoaster\RollerCoaster.vcxproj" (Build target(s)).

Build succeeded.

Time Elapsed 00:00:02.48
